01-11-2024 10:28:39 INFO    [welcome] [] [] Created PLUTO log file.
01-11-2024 10:28:39 INFO    [welcome] [] [] welcome scene started.
01-11-2024 10:28:48 INFO    [welcome] [] [] PLUTO button released.
01-11-2024 10:28:48 INFO    [welcome] [] [] Switching to the next scene 'chooseMechanism'.
01-11-2024 10:28:49 INFO    [chooseMechanism] [] [] chooseMechanism scene started.
01-11-2024 10:28:51 INFO    [chooseMechanism] [] [] Selected 'HOC'.
01-11-2024 10:28:52 INFO    [chooseMechanism] [] [] PLUTO button released.
01-11-2024 10:28:52 INFO    [chooseMechanism] [] [] Switching scene to 'calibration'.
01-11-2024 10:28:53 INFO    [calibration] [] [] calibration scene started.
01-11-2024 10:28:55 INFO    [calibration] [] [] PLUTO button released.
01-11-2024 10:28:58 INFO    [calibration] [] [] Switching scene to 'choosegame'.
01-11-2024 10:28:59 INFO    [choosegame] [] [] choosegame scene started.
01-11-2024 10:29:02 INFO    [choosegame] [] [] Selected game 'pingPong'.
01-11-2024 10:29:04 INFO    [choosegame] [] [] PLUTO button released.
01-11-2024 10:29:07 INFO    [chooseMechanism] [] [] chooseMechanism scene started.
01-11-2024 10:29:10 INFO    [chooseMechanism] [] [] Selected 'WURD'.
01-11-2024 10:29:11 INFO    [chooseMechanism] [] [] PLUTO button released.
01-11-2024 10:29:11 INFO    [chooseMechanism] [] [] Switching scene to 'calibration'.
01-11-2024 10:29:12 INFO    [calibration] [] [] calibration scene started.
01-11-2024 10:29:13 INFO    [chooseMechanism] [] [] chooseMechanism scene started.
01-11-2024 10:29:16 INFO    [chooseMechanism] [] [] Selected 'FME1'.
01-11-2024 10:29:18 INFO    [chooseMechanism] [] [] PLUTO button released.
01-11-2024 10:29:18 INFO    [chooseMechanism] [] [] Switching scene to 'calibration'.
01-11-2024 10:29:19 INFO    [calibration] [] [] calibration scene started.
01-11-2024 10:29:23 INFO    [chooseMechanism] [] [] chooseMechanism scene started.
01-11-2024 10:29:26 INFO    [chooseMechanism] [] [] Selected 'HOC'.
01-11-2024 10:29:28 INFO    [chooseMechanism] [] [] PLUTO button released.
01-11-2024 10:29:28 INFO    [chooseMechanism] [] [] Switching scene to 'calibration'.
01-11-2024 10:29:28 INFO    [calibration] [] [] calibration scene started.
01-11-2024 10:29:30 INFO    [calibration] [] [] PLUTO button released.
01-11-2024 10:29:33 INFO    [calibration] [] [] Switching scene to 'choosegame'.
01-11-2024 10:29:34 INFO    [choosegame] [] [] choosegame scene started.
01-11-2024 10:29:36 INFO    [choosegame] [] [] Selected game 'pingPong'.
01-11-2024 10:29:37 INFO    [choosegame] [] [] PLUTO button released.
01-11-2024 10:29:42 INFO    [chooseMechanism] [] [] chooseMechanism scene started.
01-11-2024 10:29:56 INFO    [chooseMechanism] [] [] PLUTO button released.
